Traceback (most recent call last):
  File "/usr/share/miniconda/lib/python3.9/site-packages/jupyter_cache/executors/utils.py", line 51, in single_nb_execution
    executenb(
  File "/usr/share/miniconda/lib/python3.9/site-packages/nbclient/client.py", line 1204, in execute
    return NotebookClient(nb=nb, resources=resources, km=km, **kwargs).execute()
  File "/usr/share/miniconda/lib/python3.9/site-packages/nbclient/util.py", line 84, in wrapped
    return just_run(coro(*args, **kwargs))
  File "/usr/share/miniconda/lib/python3.9/site-packages/nbclient/util.py", line 62, in just_run
    return loop.run_until_complete(coro)
  File "/usr/share/miniconda/lib/python3.9/asyncio/base_events.py", line 647, in run_until_complete
    return future.result()
  File "/usr/share/miniconda/lib/python3.9/site-packages/nbclient/client.py", line 663, in async_execute
    await self.async_execute_cell(
  File "/usr/share/miniconda/lib/python3.9/site-packages/nbclient/client.py", line 965, in async_execute_cell
    await self._check_raise_for_error(cell, cell_index, exec_reply)
  File "/usr/share/miniconda/lib/python3.9/site-packages/nbclient/client.py", line 862, in _check_raise_for_error
    raise CellExecutionError.from_cell_and_msg(cell, exec_reply_content)
nbclient.exceptions.CellExecutionError: An error occurred while executing the following cell:
------------------
# for all the selected targets, pull the available lightcurves using the lightkurve package
lcs = []
for name in ticids:
    lc = search_lightcurve(target='TIC'+name, mission='TESS', sector=[1, 2])
    lc = lc.download_all()
    lcs.append(lc)
------------------

[0;31m---------------------------------------------------------------------------[0m
[0;31mLightkurveError[0m                           Traceback (most recent call last)
Input [0;32mIn [14][0m, in [0;36m<cell line: 3>[0;34m()[0m
[1;32m      3[0m [38;5;28;01mfor[39;00m name [38;5;129;01min[39;00m ticids:
[1;32m      4[0m     lc [38;5;241m=[39m search_lightcurve(target[38;5;241m=[39m[38;5;124m'[39m[38;5;124mTIC[39m[38;5;124m'[39m[38;5;241m+[39mname, mission[38;5;241m=[39m[38;5;124m'[39m[38;5;124mTESS[39m[38;5;124m'[39m, sector[38;5;241m=[39m[[38;5;241m1[39m, [38;5;241m2[39m])
[0;32m----> 5[0m     lc [38;5;241m=[39m [43mlc[49m[38;5;241;43m.[39;49m[43mdownload_all[49m[43m([49m[43m)[49m
[1;32m      6[0m     lcs[38;5;241m.[39mappend(lc)

File [0;32m/usr/share/miniconda/lib/python3.9/site-packages/lightkurve/utils.py:555[0m, in [0;36msuppress_stdout.<locals>.wrapper[0;34m(*args, **kwargs)[0m
[1;32m    553[0m sys[38;5;241m.[39mstdout [38;5;241m=[39m devnull
[1;32m    554[0m [38;5;28;01mtry[39;00m:
[0;32m--> 555[0m     [38;5;28;01mreturn[39;00m [43mf[49m[43m([49m[38;5;241;43m*[39;49m[43margs[49m[43m,[49m[43m [49m[38;5;241;43m*[39;49m[38;5;241;43m*[39;49m[43mkwargs[49m[43m)[49m
[1;32m    556[0m [38;5;66;03m# restore to default[39;00m
[1;32m    557[0m [38;5;28;01mfinally[39;00m:
[1;32m    558[0m     sys[38;5;241m.[39mstdout [38;5;241m=[39m old_out

File [0;32m/usr/share/miniconda/lib/python3.9/site-packages/lightkurve/search.py:423[0m, in [0;36mSearchResult.download_all[0;34m(self, quality_bitmask, download_dir, cutout_size, **kwargs)[0m
[1;32m    420[0m products [38;5;241m=[39m []
[1;32m    421[0m [38;5;28;01mfor[39;00m idx [38;5;129;01min[39;00m [38;5;28mrange[39m([38;5;28mlen[39m([38;5;28mself[39m[38;5;241m.[39mtable)):
[1;32m    422[0m     products[38;5;241m.[39mappend(
[0;32m--> 423[0m         [38;5;28;43mself[39;49m[38;5;241;43m.[39;49m[43m_download_one[49m[43m([49m
[1;32m    424[0m [43m            [49m[43mtable[49m[38;5;241;43m=[39;49m[38;5;28;43mself[39;49m[38;5;241;43m.[39;49m[43mtable[49m[43m[[49m[43midx[49m[43m [49m[43m:[49m[43m [49m[43midx[49m[43m [49m[38;5;241;43m+[39;49m[43m [49m[38;5;241;43m1[39;49m[43m][49m[43m,[49m
[1;32m    425[0m [43m            [49m[43mquality_bitmask[49m[38;5;241;43m=[39;49m[43mquality_bitmask[49m[43m,[49m
[1;32m    426[0m [43m            [49m[43mdownload_dir[49m[38;5;241;43m=[39;49m[43mdownload_dir[49m[43m,[49m
[1;32m    427[0m [43m            [49m[43mcutout_size[49m[38;5;241;43m=[39;49m[43mcutout_size[49m[43m,[49m
[1;32m    428[0m [43m            [49m[38;5;241;43m*[39;49m[38;5;241;43m*[39;49m[43mkwargs[49m[43m,[49m
[1;32m    429[0m [43m        [49m[43m)[49m
[1;32m    430[0m     )
[1;32m    431[0m [38;5;28;01mif[39;00m [38;5;28misinstance[39m(products[[38;5;241m0[39m], TargetPixelFile):
[1;32m    432[0m     [38;5;28;01mreturn[39;00m TargetPixelFileCollection(products)

File [0;32m/usr/share/miniconda/lib/python3.9/site-packages/lightkurve/search.py:290[0m, in [0;36mSearchResult._download_one[0;34m(self, table, quality_bitmask, download_dir, cutout_size, **kwargs)[0m
[1;32m    286[0m     path [38;5;241m=[39m Observations[38;5;241m.[39mdownload_products(
[1;32m    287[0m         table[:[38;5;241m1[39m], mrp_only[38;5;241m=[39m[38;5;28;01mFalse[39;00m, download_dir[38;5;241m=[39mdownload_dir
[1;32m    288[0m     )[[38;5;124m"[39m[38;5;124mLocal Path[39m[38;5;124m"[39m][[38;5;241m0[39m]
[1;32m    289[0m     log[38;5;241m.[39mdebug([38;5;124m"[39m[38;5;124mFinished downloading.[39m[38;5;124m"[39m)
[0;32m--> 290[0m [38;5;28;01mreturn[39;00m [43mread[49m[43m([49m[43mpath[49m[43m,[49m[43m [49m[43mquality_bitmask[49m[38;5;241;43m=[39;49m[43mquality_bitmask[49m[43m,[49m[43m [49m[38;5;241;43m*[39;49m[38;5;241;43m*[39;49m[43mkwargs[49m[43m)[49m

File [0;32m/usr/share/miniconda/lib/python3.9/site-packages/lightkurve/io/read.py:119[0m, in [0;36mread[0;34m(path_or_url, **kwargs)[0m
[1;32m    114[0m         [38;5;28;01mraise[39;00m LightkurveError(
[1;32m    115[0m             [38;5;124mf[39m[38;5;124m"[39m[38;5;132;01m{[39;00mfiletype[38;5;132;01m}[39;00m[38;5;124m files are not supported [39m[38;5;124m"[39m [38;5;124m"[39m[38;5;124min this version of Lightkurve.[39m[38;5;124m"[39m
[1;32m    116[0m         ) [38;5;28;01mfrom[39;00m [38;5;21;01mexc[39;00m
[1;32m    117[0m [38;5;28;01melse[39;00m:
[1;32m    118[0m     [38;5;66;03m# if these keywords don't exist, raise `ValueError`[39;00m
[0;32m--> 119[0m     [38;5;28;01mraise[39;00m LightkurveError(
[1;32m    120[0m         [38;5;124m"[39m[38;5;124mNot recognized as a supported data product:[39m[38;5;130;01m\n[39;00m[38;5;124m"[39m
[1;32m    121[0m         [38;5;124mf[39m[38;5;124m"[39m[38;5;132;01m{[39;00mpath_or_url[38;5;132;01m}[39;00m[38;5;130;01m\n[39;00m[38;5;124m"[39m
[1;32m    122[0m         [38;5;124m"[39m[38;5;124mThis file may be corrupt due to an interrupted download. [39m[38;5;124m"[39m
[1;32m    123[0m         [38;5;124m"[39m[38;5;124mPlease remove it from your disk and try again.[39m[38;5;124m"[39m
[1;32m    124[0m     )

[0;31mLightkurveError[0m: Not recognized as a supported data product:
/home/runner/.lightkurve-cache/mastDownload/HLSP/hlsp_gsfc-eleanor-lite_tess_ffi_s0001-0000000052121469_tess_v1.0_lc/hlsp_gsfc-eleanor-lite_tess_ffi_s0001-0000000052121469_tess_v1.0_lc.fits
This file may be corrupt due to an interrupted download. Please remove it from your disk and try again.
LightkurveError: Not recognized as a supported data product:
/home/runner/.lightkurve-cache/mastDownload/HLSP/hlsp_gsfc-eleanor-lite_tess_ffi_s0001-0000000052121469_tess_v1.0_lc/hlsp_gsfc-eleanor-lite_tess_ffi_s0001-0000000052121469_tess_v1.0_lc.fits
This file may be corrupt due to an interrupted download. Please remove it from your disk and try again.

